Apr 07, 2017 5:07:16 PM commited sortcomp
INFO: Boy7	Generous	34	295	11	17	10	294
Apr 07, 2017 5:07:16 PM commited sortcomp
INFO: Girl18	Choosy	24	51	51	5
Apr 07, 2017 5:07:16 PM commited sortcomp
INFO: Boy22	Generous	5	234	25	2	10	191
Apr 07, 2017 5:07:16 PM commited sortcomp
INFO: Girl4	Desperate	5	51	33	5
Apr 07, 2017 5:07:16 PM commited sortcomp
INFO: Boy36	Geek	41	333	64	12	0	181
Apr 07, 2017 5:07:16 PM commited sortcomp
INFO: Girl7	Choosy	16	228	13	0
Apr 07, 2017 5:07:16 PM commited sortcomp
INFO: Boy9	Miser	39	376	81	7	135	174
Apr 07, 2017 5:07:16 PM commited sortcomp
INFO: Girl1	Desperate	7	243	90	5
Apr 07, 2017 5:07:16 PM commited sortcomp
INFO: Boy48	Miser	43	181	79	0	238	174
Apr 07, 2017 5:07:16 PM commited sortcomp
INFO: Girl30	Normal	0	113	16	175
Apr 07, 2017 5:07:16 PM commited sortcomp
INFO: Boy10	Geek	15	261	74	29	0	169
Apr 07, 2017 5:07:16 PM commited sortcomp
INFO: Girl32	Choosy	37	139	99	0
Apr 07, 2017 5:07:16 PM commited sortcomp
INFO: Boy40	Geek	14	259	46	25	0	164
Apr 07, 2017 5:07:16 PM commited sortcomp
INFO: Girl19	Normal	25	136	16	0
Apr 07, 2017 5:07:16 PM commited sortcomp
INFO: Boy19	Geek	16	392	35	38	0	147
Apr 07, 2017 5:07:16 PM commited sortcomp
INFO: Girl21	Normal	45	328	89	0
Apr 07, 2017 5:07:16 PM commited sortcomp
INFO: Boy11	Generous	12	116	47	10	10	145
Apr 07, 2017 5:07:16 PM commited sortcomp
INFO: Girl37	Desperate	30	23	81	5
Apr 07, 2017 5:07:16 PM commited sortcomp
INFO: Boy43	Geek	8	255	71	23	0	135
Apr 07, 2017 5:07:16 PM commited sortcomp
INFO: Girl27	Normal	26	148	61	0
Apr 07, 2017 5:07:16 PM commited sortcomp
INFO: Boy24	Miser	10	144	8	0	5	130
Apr 07, 2017 5:07:16 PM commited sortcomp
INFO: Girl9	Desperate	5	100	89	5
Apr 07, 2017 5:07:16 PM commited sortcomp
INFO: Boy6	Geek	21	298	2	15	0	113
Apr 07, 2017 5:07:16 PM commited sortcomp
INFO: Girl6	Desperate	47	222	13	0
Apr 07, 2017 5:07:16 PM commited sortcomp
INFO: Boy2	Miser	13	48	55	2	4	110
Apr 07, 2017 5:07:16 PM commited sortcomp
INFO: Girl13	Desperate	42	14	8	4
Apr 07, 2017 5:07:16 PM commited sortcomp
INFO: Boy5	Miser	47	114	86	6	115	102
Apr 07, 2017 5:07:16 PM commited sortcomp
INFO: Girl15	Normal	36	57	52	88
Apr 07, 2017 5:07:16 PM commited sortcomp
INFO: Boy0	Geek	25	256	46	13	0	101
Apr 07, 2017 5:07:16 PM commited sortcomp
INFO: Girl2	Choosy	26	166	56	0
Apr 07, 2017 5:07:16 PM commited sortcomp
INFO: Boy28	Geek	24	373	42	44	0	97
Apr 07, 2017 5:07:16 PM commited sortcomp
INFO: Girl45	Choosy	48	305	37	0
Apr 07, 2017 5:07:16 PM commited sortcomp
INFO: Boy47	Generous	22	206	74	13	710	91
Apr 07, 2017 5:07:16 PM commited sortcomp
INFO: Girl38	Normal	33	147	53	355
Apr 07, 2017 5:07:16 PM commited sortcomp
INFO: Boy42	Generous	9	382	42	36	12	88
Apr 07, 2017 5:07:16 PM commited sortcomp
INFO: Girl29	Desperate	40	332	35	6
Apr 07, 2017 5:07:16 PM commited sortcomp
INFO: Boy1	Miser	26	366	54	12	481	84
Apr 07, 2017 5:07:16 PM commited sortcomp
INFO: Girl0	Normal	13	312	71	481
Apr 07, 2017 5:07:16 PM commited sortcomp
INFO: Boy41	Generous	16	263	55	9	10	76
Apr 07, 2017 5:07:16 PM commited sortcomp
INFO: Girl16	Choosy	15	223	90	5
Apr 07, 2017 5:07:16 PM commited sortcomp
INFO: Boy3	Generous	41	365	77	30	10	74
Apr 07, 2017 5:07:16 PM commited sortcomp
INFO: Girl5	Choosy	45	332	40	5
Apr 07, 2017 5:07:16 PM commited sortcomp
INFO: Boy32	Geek	14	262	55	35	0	74
Apr 07, 2017 5:07:16 PM commited sortcomp
INFO: Girl33	Desperate	37	255	99	0
Apr 07, 2017 5:07:16 PM commited sortcomp
INFO: Boy8	Generous	46	77	41	10	224	64
Apr 07, 2017 5:07:16 PM commited sortcomp
INFO: Girl23	Normal	20	71	9	112
Apr 07, 2017 5:07:16 PM commited sortcomp
INFO: Boy33	Generous	25	186	83	35	582	49
Apr 07, 2017 5:07:16 PM commited sortcomp
INFO: Girl43	Normal	35	163	67	291
Apr 07, 2017 5:07:16 PM commited sortcomp
INFO: Boy4	Miser	21	37	13	8	4	42
Apr 07, 2017 5:07:16 PM commited sortcomp
INFO: Girl26	Desperate	23	35	51	4
Apr 07, 2017 5:07:16 PM commited sortcomp
INFO: Boy29	Generous	49	159	2	27	670	34
Apr 07, 2017 5:07:16 PM commited sortcomp
INFO: Girl35	Normal	43	155	26	335
